<?xml version="1.0" encoding="UTF-8"?>
<!-- Generated by org.testng.reporters.JUnitReportReporter -->
<testsuite skipped="0" hostname="john-PC" name="Resource.AppTest" tests="1" failures="0" timestamp="21 Sep 2020 14:41:16 GMT" time="27.924" errors="0">
  <testcase name="verifyLogin" time="27.924" classname="Resource.AppTest"/>
</testsuite> <!-- Resource.AppTest -->
